#0 building with "desktop-linux" instance using docker driver

#1 [internal] load build definition from Dockerfile.apk
#1 transferring dockerfile: 7.82kB done
#1 DONE 0.0s

#2 [internal] load metadata for ghcr.io/cirruslabs/android-sdk:34
#2 DONE 1.1s

#3 [internal] load .dockerignore
#3 transferring context: 2B done
#3 DONE 0.0s

#4 [build  1/18] FROM ghcr.io/cirruslabs/android-sdk:34@sha256:1c2e7e9c4490dbc1f85364556aa08e550945e6dffb29baab86d5fe2c7be0773a
#4 resolve ghcr.io/cirruslabs/android-sdk:34@sha256:1c2e7e9c4490dbc1f85364556aa08e550945e6dffb29baab86d5fe2c7be0773a done
#4 DONE 0.0s

#5 [internal] load build context
#5 transferring context: 4.22kB done
#5 DONE 0.0s

#6 [build 10/18] RUN CI=1 npx expo prebuild --platform android --clean
#6 CACHED

#7 [build  4/18] COPY package.json package-lock.json app.json app.config.js tsconfig.json index.ts App.tsx ./
#7 CACHED

#8 [build  5/18] COPY google-services.json ./google-services.json
#8 CACHED

#9 [build  9/18] COPY gradle-dist/gradle-8.14.3-bin.zip /tmp/gradle-8.14.3-bin.zip
#9 CACHED

#10 [build 15/18] RUN set -eux;   GP="/app/android/gradle.properties";   touch "$GP";   if grep -q '^reactNativeArchitectures=' "$GP"; then     sed -i 's/^reactNativeArchitectures=.*/reactNativeArchitectures=arm64-v8a/' "$GP";   else     printf '%s\n' 'reactNativeArchitectures=arm64-v8a' >> "$GP";   fi;   if grep -q '^org.gradle.jvmargs=' "$GP"; then     sed -i 's/^org.gradle.jvmargs=.*/org.gradle.jvmargs=-Xmx2048m -XX:MaxMetaspaceSize=768m -Dfile.encoding=UTF-8/' "$GP";   else     printf '%s\n' 'org.gradle.jvmargs=-Xmx2048m -XX:MaxMetaspaceSize=768m -Dfile.encoding=UTF-8' >> "$GP";   fi;   if grep -q '^kotlin.daemon.jvmargs=' "$GP"; then     sed -i 's/^kotlin.daemon.jvmargs=.*/kotlin.daemon.jvmargs=-Xmx768m/' "$GP";   else     printf '%s\n' 'kotlin.daemon.jvmargs=-Xmx768m' >> "$GP";   fi;   if grep -q '^org.gradle.workers.max=' "$GP"; then     sed -i 's/^org.gradle.workers.max=.*/org.gradle.workers.max=1/' "$GP";   else     printf '%s\n' 'org.gradle.workers.max=1' >> "$GP";   fi;   if grep -q '^org.gradle.parallel=' "$GP"; then     sed -i 's/^org.gradle.parallel=.*/org.gradle.parallel=false/' "$GP";   else     printf '%s\n' 'org.gradle.parallel=false' >> "$GP";   fi;   if grep -q '^org.gradle.vfs.watch=' "$GP"; then     sed -i 's/^org.gradle.vfs.watch=.*/org.gradle.vfs.watch=false/' "$GP";   else     printf '%s\n' 'org.gradle.vfs.watch=false' >> "$GP";   fi
#10 CACHED

#11 [build 16/18] WORKDIR /app/android
#11 CACHED

#12 [build  7/18] COPY assets ./assets
#12 CACHED

#13 [build 14/18] RUN set -eux;   if [ "debug" = "release" ]; then     SDKMANAGER="/opt/android-sdk-linux/cmdline-tools/latest/bin/sdkmanager";     test -x "$SDKMANAGER";     export ANDROID_SDK_ROOT="/opt/android-sdk-linux";     export ANDROID_HOME="/opt/android-sdk-linux";     for i in 1 2 3; do       yes | "$SDKMANAGER" --sdk_root="/opt/android-sdk-linux" --install         "platform-tools"         "platforms;android-36"         "build-tools;36.0.0"         && break;       echo "sdkmanager failed (attempt $i). Clearing caches and retrying..." >&2;       rm -rf /root/.android/cache || true;       rm -rf "/opt/android-sdk-linux/.android/cache" || true;       sleep 3;     done;     test -d "/opt/android-sdk-linux/build-tools/36.0.0";   fi
#13 CACHED

#14 [build 11/18] RUN CI=1 npx expo prebuild --platform android
#14 CACHED

#15 [build  3/18] RUN apt-get update -qq   && apt-get install -y --no-install-recommends curl ca-certificates gnupg git openjdk-17-jdk   && curl -fsSL https://deb.nodesource.com/setup_22.x | bash -   && apt-get install -y --no-install-recommends nodejs   && rm -rf /var/lib/apt/lists/*
#15 CACHED

#16 [build 12/18] RUN set -eux;   GP="/app/android/gradle.properties";   touch "$GP";   if ! grep -q '^android.useAndroidX=' "$GP"; then     printf '%s\n' 'android.useAndroidX=true' >> "$GP";   fi;   if ! grep -q '^android.enableJetifier=' "$GP"; then     printf '%s\n' 'android.enableJetifier=true' >> "$GP";   fi
#16 CACHED

#17 [build  2/18] WORKDIR /app
#17 CACHED

#18 [build  8/18] COPY src ./src
#18 CACHED

#19 [build 13/18] RUN set -eux;   APP_GRADLE="/app/android/app/build.gradle";   sed -i 's/\\\\n/\\n/g' "$APP_GRADLE" || true;   if ! grep -q "configurations.all" "$APP_GRADLE"; then     bash -c 'printf "%s\n" ""       "configurations.all {"       "    exclude group: \"com.android.support\", module: \"support-compat\""       "    exclude group: \"com.android.support\", module: \"support-v4\""       "    exclude group: \"com.android.support\", module: \"versionedparcelable\""       "}" >> "'"$APP_GRADLE"'"';   fi
#19 CACHED

#20 [build  6/18] RUN npm ci
#20 CACHED

#21 [build 17/18] RUN set -eux;   GRADLE_DIST="gradle-8.14.3-bin.zip";   if [ ! -f "/tmp/${GRADLE_DIST}" ]; then     curl -L --retry 5 --retry-delay 5 --max-time 600       "https://services.gradle.org/distributions/${GRADLE_DIST}"       -o "/tmp/${GRADLE_DIST}";   fi;   if [ -f "/app/android/gradle/wrapper/gradle-wrapper.properties" ]; then     sed -i "s|distributionUrl=.*|distributionUrl=file:///tmp/${GRADLE_DIST}|" /app/android/gradle/wrapper/gradle-wrapper.properties;   fi
#21 CACHED

#22 [build 18/18] RUN set -eux;   if [ "debug" = "release" ]; then     sed -i 's/signingConfig signingConfigs\\.release/signingConfig signingConfigs.debug/g' /app/android/app/build.gradle || true;     ./gradlew --no-daemon --max-workers 1 assembleRelease -x lint -x test;   elif [ "debug" = "standalone" ]; then     ./gradlew --no-daemon --max-workers 1 :app:bundleDebugJsAndAssets -x lint -x test       || ./gradlew --no-daemon --max-workers 1 :app:createBundleDebugJsAndAssets -x lint -x test       || ./gradlew --no-daemon --max-workers 1 bundleDebugJsAndAssets -x lint -x test       || ./gradlew --no-daemon --max-workers 1 createBundleDebugJsAndAssets -x lint -x test;     ./gradlew --no-daemon --max-workers 1 assembleDebug -x lint -x test;   else     ./gradlew --no-daemon --max-workers 1 assembleDebug -x lint -x test;   fi
#22 0.145 + [ debug = release ]
#22 0.145 + [ debug = standalone ]
#22 0.145 + ./gradlew --no-daemon --max-workers 1 assembleDebug -x lint -x test
#22 0.242 Downloading file:/tmp/gradle-8.14.3-bin.zip
#22 0.273 .............10%.............20%.............30%.............40%.............50%.............60%.............70%.............80%.............90%..............100%
#22 1.789 
#22 1.789 Welcome to Gradle 8.14.3!
#22 1.790 
#22 1.790 Here are the highlights of this release:
#22 1.790  - Java 24 support
#22 1.790  - GraalVM Native Image toolchain selection
#22 1.791  - Enhancements to test reporting
#22 1.791  - Build Authoring improvements
#22 1.791 
#22 1.791 For more details see https://docs.gradle.org/8.14.3/release-notes.html
#22 1.791 
#22 1.889 To honour the JVM settings for this build a single-use Daemon process will be forked. For more on this, please refer to https://docs.gradle.org/8.14.3/userguide/gradle_daemon.html#sec:disabling_the_daemon in the Gradle documentation.
#22 2.689 Daemon will be stopped at the end of the build 
#22 43.19 
#22 43.19 > Configure project :expo-gradle-plugin:expo-autolinking-plugin
#22 43.19 w: file:///app/node_modules/expo-modules-autolinking/android/expo-gradle-plugin/expo-autolinking-plugin/build.gradle.kts:25:3: 'kotlinOptions(KotlinJvmOptionsDeprecated /* = KotlinJvmOptions */.() -> Unit): Unit' is deprecated. Please migrate to the compilerOptions DSL. More details are here: https://kotl.in/u1r8ln
#22 44.79 
#22 44.79 > Configure project :expo-gradle-plugin:expo-autolinking-settings-plugin
#22 44.79 w: file:///app/node_modules/expo-modules-autolinking/android/expo-gradle-plugin/expo-autolinking-settings-plugin/build.gradle.kts:30:3: 'kotlinOptions(KotlinJvmOptionsDeprecated /* = KotlinJvmOptions */.() -> Unit): Unit' is deprecated. Please migrate to the compilerOptions DSL. More details are here: https://kotl.in/u1r8ln
#22 45.19 
#22 45.19 > Task :expo-gradle-plugin:expo-autolinking-plugin-shared:checkKotlinGradlePluginConfigurationErrors SKIPPED
#22 45.39 > Task :gradle-plugin:settings-plugin:checkKotlinGradlePluginConfigurationErrors SKIPPED
#22 45.39 > Task :gradle-plugin:shared:checkKotlinGradlePluginConfigurationErrors SKIPPED
#22 70.29 > Task :expo-gradle-plugin:expo-autolinking-plugin-shared:compileKotlin
#22 70.30 > Task :expo-gradle-plugin:expo-autolinking-plugin-shared:compileJava NO-SOURCE
#22 70.30 > Task :expo-gradle-plugin:expo-autolinking-plugin-shared:processResources NO-SOURCE
#22 70.30 > Task :expo-gradle-plugin:expo-autolinking-plugin-shared:classes UP-TO-DATE
#22 70.49 > Task :expo-gradle-plugin:expo-autolinking-plugin-shared:jar
#22 70.49 > Task :expo-gradle-plugin:expo-autolinking-settings-plugin:checkKotlinGradlePluginConfigurationErrors SKIPPED
#22 70.59 > Task :gradle-plugin:shared:compileKotlin
#22 70.59 > Task :gradle-plugin:shared:compileJava NO-SOURCE
#22 70.59 > Task :gradle-plugin:shared:processResources NO-SOURCE
#22 70.59 > Task :gradle-plugin:shared:classes UP-TO-DATE
#22 70.69 > Task :gradle-plugin:shared:jar
#22 98.69 > Task :expo-gradle-plugin:expo-autolinking-settings-plugin:compileKotlin
#22 98.69 > Task :expo-gradle-plugin:expo-autolinking-settings-plugin:compileJava NO-SOURCE
#22 98.69 > Task :expo-gradle-plugin:expo-autolinking-settings-plugin:pluginDescriptors
#22 98.69 > Task :expo-gradle-plugin:expo-autolinking-settings-plugin:processResources
#22 98.69 > Task :expo-gradle-plugin:expo-autolinking-settings-plugin:classes
#22 98.69 > Task :expo-gradle-plugin:expo-autolinking-settings-plugin:jar
#22 98.69 > Task :gradle-plugin:settings-plugin:compileKotlin
#22 98.69 > Task :gradle-plugin:settings-plugin:compileJava NO-SOURCE
#22 98.69 > Task :gradle-plugin:settings-plugin:pluginDescriptors
#22 98.69 > Task :gradle-plugin:settings-plugin:processResources
#22 98.69 > Task :gradle-plugin:settings-plugin:classes
#22 98.69 > Task :gradle-plugin:settings-plugin:jar
#22 111.9 
#22 111.9 > Configure project :expo-module-gradle-plugin
#22 111.9 w: file:///app/node_modules/expo-modules-core/expo-module-gradle-plugin/build.gradle.kts:58:3: 'kotlinOptions(KotlinJvmOptionsDeprecated /* = KotlinJvmOptions */.() -> Unit): Unit' is deprecated. Please migrate to the compilerOptions DSL. More details are here: https://kotl.in/u1r8ln
#22 134.4 
#22 134.4 > Task :expo-module-gradle-plugin:checkKotlinGradlePluginConfigurationErrors SKIPPED
#22 134.4 > Task :expo-module-gradle-plugin:pluginDescriptors
#22 134.4 > Task :expo-module-gradle-plugin:processResources
#22 134.4 > Task :expo-gradle-plugin:expo-autolinking-plugin:checkKotlinGradlePluginConfigurationErrors SKIPPED
#22 134.4 > Task :gradle-plugin:react-native-gradle-plugin:checkKotlinGradlePluginConfigurationErrors SKIPPED
#22 138.4 > Task :expo-gradle-plugin:expo-autolinking-plugin:compileKotlin
#22 138.4 > Task :expo-gradle-plugin:expo-autolinking-plugin:compileJava NO-SOURCE
#22 138.4 > Task :expo-gradle-plugin:expo-autolinking-plugin:pluginDescriptors
#22 138.4 > Task :expo-gradle-plugin:expo-autolinking-plugin:processResources
#22 138.4 > Task :expo-gradle-plugin:expo-autolinking-plugin:classes
#22 138.4 > Task :expo-gradle-plugin:expo-autolinking-plugin:jar
#22 146.1 > Task :gradle-plugin:react-native-gradle-plugin:compileKotlin
#22 146.1 > Task :gradle-plugin:react-native-gradle-plugin:compileJava NO-SOURCE
#22 146.1 > Task :gradle-plugin:react-native-gradle-plugin:pluginDescriptors
#22 146.1 > Task :gradle-plugin:react-native-gradle-plugin:processResources
#22 146.1 > Task :gradle-plugin:react-native-gradle-plugin:classes
#22 146.2 > Task :gradle-plugin:react-native-gradle-plugin:jar
#22 147.3 
#22 147.3 > Task :expo-module-gradle-plugin:compileKotlin
#22 147.3 w: file:///app/node_modules/expo-modules-core/expo-module-gradle-plugin/src/main/kotlin/expo/modules/plugin/android/AndroidLibraryExtension.kt:9:24 'var targetSdk: Int?' is deprecated. Will be removed from library DSL in v9.0. Use testOptions.targetSdk or/and lint.targetSdk instead.
#22 147.3 
#22 147.3 > Task :expo-module-gradle-plugin:compileJava NO-SOURCE
#22 147.3 > Task :expo-module-gradle-plugin:classes
#22 147.3 > Task :expo-module-gradle-plugin:jar
#22 174.1 
#22 174.1 > Configure project :
#22 174.1 [32m[ExpoRootProject][0m Using the following versions:
#22 174.1   - buildTools:  [32m36.0.0[0m
#22 174.1   - minSdk:      [32m24[0m
#22 174.1   - compileSdk:  [32m36[0m
#22 174.1   - targetSdk:   [32m36[0m
#22 174.1   - ndk:         [32m27.1.12297006[0m
#22 174.1   - kotlin:      [32m2.1.20[0m
#22 174.1   - ksp:         [32m2.1.20-2.0.1[0m
#22 178.5 
#22 178.5 > Configure project :expo
#22 178.5 
#22 178.5 Using expo modules
#22 178.5   - [32mexpo-constants[0m (18.0.13)
#22 178.5   - [32mexpo-image-loader[0m (4.7.0)
#22 178.5   - [32mexpo-image-picker[0m (15.0.7)
#22 207.6 
#22 207.6 > Configure project :expo-modules-core
#22 207.6 Checking the license for package NDK (Side by side) 27.1.12297006 in /opt/android-sdk-linux/licenses
#22 207.6 License for package NDK (Side by side) 27.1.12297006 accepted.
#22 207.6 Preparing "Install NDK (Side by side) 27.1.12297006 v.27.1.12297006".
#22 329.0 "Install NDK (Side by side) 27.1.12297006 v.27.1.12297006" ready.
#22 329.0 Installing NDK (Side by side) 27.1.12297006 in /opt/android-sdk-linux/ndk/27.1.12297006
#22 329.0 "Install NDK (Side by side) 27.1.12297006 v.27.1.12297006" complete.
#22 329.2 "Install NDK (Side by side) 27.1.12297006 v.27.1.12297006" finished.
#22 329.4 
#22 329.4 > Configure project :expo
#22 329.4   - [32mexpo-modules-core[0m (3.0.29)
#22 329.4   - [33m[📦][0m [32mexpo-application[0m (6.1.5)
#22 329.4   - [33m[📦][0m [32mexpo-asset[0m (12.0.12)
#22 329.4   - [33m[📦][0m [32mexpo-document-picker[0m (14.0.8)
#22 329.4   - [33m[📦][0m [32mexpo-file-system[0m (19.0.21)
#22 329.4   - [33m[📦][0m [32mexpo-font[0m (14.0.11)
#22 329.4   - [33m[📦][0m [32mexpo-image-manipulator[0m (55.0.9)
#22 329.4   - [33m[📦][0m [32mexpo-keep-awake[0m (15.0.8)
#22 329.4   - [33m[📦][0m [32mexpo-location[0m (19.0.8)
#22 329.4   - [33m[📦][0m [32mexpo-notifications[0m (0.31.5)
#22 329.4   - [33m[📦][0m [32mexpo-secure-store[0m (15.0.8)
#22 329.4 
#22 501.8 Checking the license for package Android SDK Build-Tools 36 in /opt/android-sdk-linux/licenses
#22 501.8 License for package Android SDK Build-Tools 36 accepted.
#22 501.8 Preparing "Install Android SDK Build-Tools 36 v.36.0.0".
#22 515.5 "Install Android SDK Build-Tools 36 v.36.0.0" ready.
#22 515.5 Installing Android SDK Build-Tools 36 in /opt/android-sdk-linux/build-tools/36.0.0
#22 515.5 "Install Android SDK Build-Tools 36 v.36.0.0" complete.
#22 515.5 "Install Android SDK Build-Tools 36 v.36.0.0" finished.
#22 515.5 Checking the license for package Android SDK Platform 36 in /opt/android-sdk-linux/licenses
#22 515.5 License for package Android SDK Platform 36 accepted.
#22 515.5 Preparing "Install Android SDK Platform 36 (revision 2)".
#22 531.6 "Install Android SDK Platform 36 (revision 2)" ready.
#22 531.6 Installing Android SDK Platform 36 in /opt/android-sdk-linux/platforms/android-36
#22 531.6 "Install Android SDK Platform 36 (revision 2)" complete.
#22 531.6 "Install Android SDK Platform 36 (revision 2)" finished.
#22 531.7 [=========                              ] 25%                                   [=========                              ] 25% Fetch remote repository...        [=======================================] 100% Fetch remote repository...       
#22 579.3 Checking the license for package Android SDK Build-Tools 35 in /opt/android-sdk-linux/licenses
#22 579.3 License for package Android SDK Build-Tools 35 accepted.
#22 579.3 Preparing "Install Android SDK Build-Tools 35 v.35.0.0".
#22 592.9 "Install Android SDK Build-Tools 35 v.35.0.0" ready.
#22 592.9 Installing Android SDK Build-Tools 35 in /opt/android-sdk-linux/build-tools/35.0.0
#22 592.9 "Install Android SDK Build-Tools 35 v.35.0.0" complete.
#22 592.9 "Install Android SDK Build-Tools 35 v.35.0.0" finished.
#22 592.9 [=========                              ] 25%                                   [=========                              ] 25% Fetch remote repository...        [=======================================] 100% Fetch remote repository...       
#22 592.9 Checking the license for package Android SDK Platform 35 in /opt/android-sdk-linux/licenses
#22 592.9 License for package Android SDK Platform 35 accepted.
#22 592.9 Preparing "Install Android SDK Platform 35 (revision 2)".
#22 608.2 "Install Android SDK Platform 35 (revision 2)" ready.
#22 608.2 Installing Android SDK Platform 35 in /opt/android-sdk-linux/platforms/android-35
#22 608.2 "Install Android SDK Platform 35 (revision 2)" complete.
#22 608.2 "Install Android SDK Platform 35 (revision 2)" finished.
#22 608.2 [=========                              ] 25%                                   [=========                              ] 25% Fetch remote repository...        [=======================================] 100% Fetch remote repository...       
#22 636.5 
#22 636.5 > Task :app:generateAutolinkingPackageList
#22 636.5 > Task :app:generateCodegenSchemaFromJavaScript SKIPPED
#22 636.5 > Task :app:generateCodegenArtifactsFromSchema SKIPPED
#22 636.5 > Task :app:generateReactNativeEntryPoint
#22 636.9 > Task :expo:generatePackagesList
#22 636.9 > Task :expo:preBuild
#22 637.1 
#22 637.1 > Task :expo-constants:createExpoConfig
#22 637.1 
#22 637.1 > Task :expo-constants:preBuild
#22 637.1 > Task :expo-image-loader:preBuild UP-TO-DATE
#22 637.1 > Task :expo-image-picker:preBuild UP-TO-DATE
#22 637.1 > Task :expo-modules-core:preBuild UP-TO-DATE
#22 637.1 The NODE_ENV environment variable is required but was not specified. Ensure the project is bundled with Expo CLI or NODE_ENV is set. Using only .env.local and .env
#22 637.1 > Task :react-native-async-storage_async-storage:preBuild UP-TO-DATE
#22 637.1 > Task :react-native-community_netinfo:preBuild UP-TO-DATE
#22 637.1 > Task :react-native-gesture-handler:preBuild UP-TO-DATE
#22 637.1 > Task :react-native-image-picker:preBuild UP-TO-DATE
#22 637.1 > Task :react-native-maps:preBuild UP-TO-DATE
#22 637.1 > Task :react-native-safe-area-context:preBuild UP-TO-DATE
#22 637.1 > Task :react-native-screens:preBuild UP-TO-DATE
#22 637.1 > Task :react-native-voice_voice:preBuild UP-TO-DATE
#22 637.1 > Task :react-native-webview:preBuild UP-TO-DATE
#22 637.1 > Task :app:preBuild
#22 637.1 > Task :app:preDebugBuild
#22 637.1 > Task :app:mergeDebugNativeDebugMetadata NO-SOURCE
#22 637.1 > Task :app:checkKotlinGradlePluginConfigurationErrors SKIPPED
#22 637.2 > Task :app:generateDebugBuildConfig
#22 637.2 > Task :expo:preDebugBuild
#22 637.2 > Task :expo:writeDebugAarMetadata
#22 637.2 > Task :expo-constants:preDebugBuild
#22 637.2 > Task :expo-constants:writeDebugAarMetadata
#22 637.2 > Task :expo-image-loader:preDebugBuild UP-TO-DATE
#22 637.2 > Task :expo-image-loader:writeDebugAarMetadata
#22 637.2 > Task :expo-image-picker:preDebugBuild UP-TO-DATE
#22 637.2 > Task :expo-image-picker:writeDebugAarMetadata
#22 637.2 > Task :expo-modules-core:preDebugBuild UP-TO-DATE
#22 637.2 > Task :expo-modules-core:writeDebugAarMetadata
#22 637.2 > Task :react-native-async-storage_async-storage:preDebugBuild UP-TO-DATE
#22 637.2 > Task :react-native-async-storage_async-storage:writeDebugAarMetadata
#22 637.2 > Task :react-native-community_netinfo:preDebugBuild UP-TO-DATE
#22 637.2 > Task :react-native-community_netinfo:writeDebugAarMetadata
#22 637.2 > Task :react-native-gesture-handler:preDebugBuild UP-TO-DATE
#22 637.2 > Task :react-native-gesture-handler:writeDebugAarMetadata
#22 637.2 > Task :react-native-image-picker:preDebugBuild UP-TO-DATE
#22 637.2 > Task :react-native-image-picker:writeDebugAarMetadata
#22 637.2 > Task :react-native-maps:preDebugBuild UP-TO-DATE
#22 637.2 > Task :react-native-maps:writeDebugAarMetadata
#22 637.2 > Task :react-native-safe-area-context:preDebugBuild UP-TO-DATE
#22 637.2 > Task :react-native-safe-area-context:writeDebugAarMetadata
#22 637.2 > Task :react-native-screens:preDebugBuild UP-TO-DATE
#22 637.2 > Task :react-native-screens:writeDebugAarMetadata
#22 637.2 > Task :react-native-voice_voice:preDebugBuild UP-TO-DATE
#22 637.2 > Task :react-native-voice_voice:writeDebugAarMetadata
#22 637.2 > Task :react-native-webview:preDebugBuild UP-TO-DATE
#22 637.2 > Task :react-native-webview:writeDebugAarMetadata
#22 667.2 > Task :app:checkDebugAarMetadata
#22 738.4 > Task :app:checkDebugAarMetadata FAILED
#22 738.5 
#22 738.5 [Incubating] Problems report is available at: file:///app/android/build/reports/problems/problems-report.html
#22 738.5 
#22 738.5 FAILURE: Build failed with an exception.
#22 738.5 
#22 738.5 
#22 738.5 * What went wrong:
#22 738.5 Execution failed for task ':app:checkDebugAarMetadata'.
#22 738.5 > Could not resolve all files for configuration ':app:debugRuntimeClasspath'.
#22 738.5    > Failed to transform react-android-0.81.5-debug.aar (com.facebook.react:react-android:0.81.5) to match attributes {artifactType=android-aar-metadata, com.android.build.api.attributes.BuildTypeAttr=debug, org.gradle.category=library, org.gradle.dependency.bundling=external, org.gradle.libraryelements=aar, org.gradle.status=release, org.gradle.usage=java-runtime}.
#22 738.5       > Execution failed for JetifyTransform: /tmp/gradle/caches/modules-2/files-2.1/com.facebook.react/react-android/0.81.5/98805d876957296e393f2c1ef180f7a650afce7c/react-android-0.81.5-debug.aar.
#22 738.5          > Java heap space
#22 738.5 
#22 738.5 * Try:
#22 738.5 > Run with --stacktrace option to get the stack trace.
#22 738.5 > Run with --info or --debug option to get more log output.
#22 738.5 > Run with --scan to get full insights.
#22 738.5 > Get more help at https://help.gradle.org.
#22 738.5 Deprecated Gradle features were used in this build, making it incompatible with Gradle 9.0.
#22 738.5 
#22 738.5 
#22 738.5 BUILD FAILEDYou can use '--warning-mode all' to show the individual deprecation warnings and determine if they come from your own scripts or plugins.
#22 738.5 
#22 738.5 For more on this, please refer to https://docs.gradle.org/8.14.3/userguide/command_line_interface.html#sec:command_line_warnings in the Gradle documentation.
#22 738.5  in 12m 18s
#22 738.5 44 actionable tasks: 44 executed
#22 ERROR: process "/bin/sh -c set -eux;   if [ \"$APK_VARIANT\" = \"release\" ]; then     sed -i 's/signingConfig signingConfigs\\\\.release/signingConfig signingConfigs.debug/g' /app/android/app/build.gradle || true;     ./gradlew --no-daemon --max-workers 1 assembleRelease -x lint -x test;   elif [ \"$APK_VARIANT\" = \"standalone\" ]; then     ./gradlew --no-daemon --max-workers 1 :app:bundleDebugJsAndAssets -x lint -x test       || ./gradlew --no-daemon --max-workers 1 :app:createBundleDebugJsAndAssets -x lint -x test       || ./gradlew --no-daemon --max-workers 1 bundleDebugJsAndAssets -x lint -x test       || ./gradlew --no-daemon --max-workers 1 createBundleDebugJsAndAssets -x lint -x test;     ./gradlew --no-daemon --max-workers 1 assembleDebug -x lint -x test;   else     ./gradlew --no-daemon --max-workers 1 assembleDebug -x lint -x test;   fi" did not complete successfully: exit code: 1
------
 > [build 18/18] RUN set -eux;   if [ "debug" = "release" ]; then     sed -i 's/signingConfig signingConfigs\\.release/signingConfig signingConfigs.debug/g' /app/android/app/build.gradle || true;     ./gradlew --no-daemon --max-workers 1 assembleRelease -x lint -x test;   elif [ "debug" = "standalone" ]; then     ./gradlew --no-daemon --max-workers 1 :app:bundleDebugJsAndAssets -x lint -x test       || ./gradlew --no-daemon --max-workers 1 :app:createBundleDebugJsAndAssets -x lint -x test       || ./gradlew --no-daemon --max-workers 1 bundleDebugJsAndAssets -x lint -x test       || ./gradlew --no-daemon --max-workers 1 createBundleDebugJsAndAssets -x lint -x test;     ./gradlew --no-daemon --max-workers 1 assembleDebug -x lint -x test;   else     ./gradlew --no-daemon --max-workers 1 assembleDebug -x lint -x test;   fi:
738.5 > Run with --scan to get full insights.
738.5 > Get more help at https://help.gradle.org.
738.5 Deprecated Gradle features were used in this build, making it incompatible with Gradle 9.0.
738.5 
738.5 
738.5 BUILD FAILEDYou can use '--warning-mode all' to show the individual deprecation warnings and determine if they come from your own scripts or plugins.
738.5 
738.5 For more on this, please refer to https://docs.gradle.org/8.14.3/userguide/command_line_interface.html#sec:command_line_warnings in the Gradle documentation.
738.5  in 12m 18s
738.5 44 actionable tasks: 44 executed
------
Dockerfile.apk:144
--------------------
 143 |       fi
 144 | >>> RUN set -eux; \
 145 | >>>   if [ "$APK_VARIANT" = "release" ]; then \
 146 | >>>     # Make release installable without requiring a private keystore (dev-only).
 147 | >>>     # This swaps the release signing config to use the standard debug keystore.
 148 | >>>     sed -i 's/signingConfig signingConfigs\\.release/signingConfig signingConfigs.debug/g' /app/android/app/build.gradle || true; \
 149 | >>>     ./gradlew --no-daemon --max-workers 1 assembleRelease -x lint -x test; \
 150 | >>>   elif [ "$APK_VARIANT" = "standalone" ]; then \
 151 | >>>     # Bundle JS during the build so the APK does NOT require Metro (fixes "Unable to load script" on devices).
 152 | >>>     # React Native's Gradle tasks differ across versions/plugins; try the common task names.
 153 | >>>     ./gradlew --no-daemon --max-workers 1 :app:bundleDebugJsAndAssets -x lint -x test \
 154 | >>>       || ./gradlew --no-daemon --max-workers 1 :app:createBundleDebugJsAndAssets -x lint -x test \
 155 | >>>       || ./gradlew --no-daemon --max-workers 1 bundleDebugJsAndAssets -x lint -x test \
 156 | >>>       || ./gradlew --no-daemon --max-workers 1 createBundleDebugJsAndAssets -x lint -x test; \
 157 | >>>     ./gradlew --no-daemon --max-workers 1 assembleDebug -x lint -x test; \
 158 | >>>   else \
 159 | >>>     ./gradlew --no-daemon --max-workers 1 assembleDebug -x lint -x test; \
 160 | >>>   fi
 161 |     
--------------------
ERROR: failed to build: failed to solve: process "/bin/sh -c set -eux;   if [ \"$APK_VARIANT\" = \"release\" ]; then     sed -i 's/signingConfig signingConfigs\\\\.release/signingConfig signingConfigs.debug/g' /app/android/app/build.gradle || true;     ./gradlew --no-daemon --max-workers 1 assembleRelease -x lint -x test;   elif [ \"$APK_VARIANT\" = \"standalone\" ]; then     ./gradlew --no-daemon --max-workers 1 :app:bundleDebugJsAndAssets -x lint -x test       || ./gradlew --no-daemon --max-workers 1 :app:createBundleDebugJsAndAssets -x lint -x test       || ./gradlew --no-daemon --max-workers 1 bundleDebugJsAndAssets -x lint -x test       || ./gradlew --no-daemon --max-workers 1 createBundleDebugJsAndAssets -x lint -x test;     ./gradlew --no-daemon --max-workers 1 assembleDebug -x lint -x test;   else     ./gradlew --no-daemon --max-workers 1 assembleDebug -x lint -x test;   fi" did not complete successfully: exit code: 1
