#0 building with "desktop-linux" instance using docker driver

#1 [internal] load build definition from Dockerfile.apk
#1 transferring dockerfile: 7.82kB done
#1 DONE 0.0s

#2 [internal] load metadata for ghcr.io/cirruslabs/android-sdk:34
#2 DONE 2.3s

#3 [internal] load .dockerignore
#3 transferring context: 2B done
#3 DONE 0.0s

#4 [build  1/18] FROM ghcr.io/cirruslabs/android-sdk:34@sha256:1c2e7e9c4490dbc1f85364556aa08e550945e6dffb29baab86d5fe2c7be0773a
#4 resolve ghcr.io/cirruslabs/android-sdk:34@sha256:1c2e7e9c4490dbc1f85364556aa08e550945e6dffb29baab86d5fe2c7be0773a done
#4 DONE 0.0s

#5 [internal] load build context
#5 transferring context: 4.22kB 0.0s done
#5 DONE 0.0s

#6 [build  4/18] COPY package.json package-lock.json app.json app.config.js tsconfig.json index.ts App.tsx ./
#6 CACHED

#7 [build 16/18] WORKDIR /app/android
#7 CACHED

#8 [build  7/18] COPY assets ./assets
#8 CACHED

#9 [build 15/18] RUN set -eux;   GP="/app/android/gradle.properties";   touch "$GP";   if grep -q '^reactNativeArchitectures=' "$GP"; then     sed -i 's/^reactNativeArchitectures=.*/reactNativeArchitectures=arm64-v8a/' "$GP";   else     printf '%s\n' 'reactNativeArchitectures=arm64-v8a' >> "$GP";   fi;   if grep -q '^org.gradle.jvmargs=' "$GP"; then     sed -i 's/^org.gradle.jvmargs=.*/org.gradle.jvmargs=-Xmx2048m -XX:MaxMetaspaceSize=768m -Dfile.encoding=UTF-8/' "$GP";   else     printf '%s\n' 'org.gradle.jvmargs=-Xmx2048m -XX:MaxMetaspaceSize=768m -Dfile.encoding=UTF-8' >> "$GP";   fi;   if grep -q '^kotlin.daemon.jvmargs=' "$GP"; then     sed -i 's/^kotlin.daemon.jvmargs=.*/kotlin.daemon.jvmargs=-Xmx768m/' "$GP";   else     printf '%s\n' 'kotlin.daemon.jvmargs=-Xmx768m' >> "$GP";   fi;   if grep -q '^org.gradle.workers.max=' "$GP"; then     sed -i 's/^org.gradle.workers.max=.*/org.gradle.workers.max=1/' "$GP";   else     printf '%s\n' 'org.gradle.workers.max=1' >> "$GP";   fi;   if grep -q '^org.gradle.parallel=' "$GP"; then     sed -i 's/^org.gradle.parallel=.*/org.gradle.parallel=false/' "$GP";   else     printf '%s\n' 'org.gradle.parallel=false' >> "$GP";   fi;   if grep -q '^org.gradle.vfs.watch=' "$GP"; then     sed -i 's/^org.gradle.vfs.watch=.*/org.gradle.vfs.watch=false/' "$GP";   else     printf '%s\n' 'org.gradle.vfs.watch=false' >> "$GP";   fi
#9 CACHED

#10 [build 17/18] RUN set -eux;   GRADLE_DIST="gradle-8.14.3-bin.zip";   if [ ! -f "/tmp/${GRADLE_DIST}" ]; then     curl -L --retry 5 --retry-delay 5 --max-time 600       "https://services.gradle.org/distributions/${GRADLE_DIST}"       -o "/tmp/${GRADLE_DIST}";   fi;   if [ -f "/app/android/gradle/wrapper/gradle-wrapper.properties" ]; then     sed -i "s|distributionUrl=.*|distributionUrl=file:///tmp/${GRADLE_DIST}|" /app/android/gradle/wrapper/gradle-wrapper.properties;   fi
#10 CACHED

#11 [build  6/18] RUN npm ci
#11 CACHED

#12 [artifact 1/1] RUN set -eux;   mkdir -p /out;   if [ "release" = "release" ]; then     cp -f /app/android/app/build/outputs/apk/release/app-release.apk /out/Superheroo-release.apk;   elif [ "release" = "standalone" ]; then     cp -f /app/android/app/build/outputs/apk/debug/app-debug.apk /out/Superheroo-standalone.apk;   else     cp -f /app/android/app/build/outputs/apk/debug/app-debug.apk /out/Superheroo-debug.apk;   fi
#12 CACHED

#13 [build  2/18] WORKDIR /app
#13 CACHED

#14 [build 10/18] RUN CI=1 npx expo prebuild --platform android --clean
#14 CACHED

#15 [build  9/18] COPY gradle-dist/gradle-8.14.3-bin.zip /tmp/gradle-8.14.3-bin.zip
#15 CACHED

#16 [build 18/18] RUN set -eux;   if [ "release" = "release" ]; then     sed -i 's/signingConfig signingConfigs\\.release/signingConfig signingConfigs.debug/g' /app/android/app/build.gradle || true;     ./gradlew --no-daemon --max-workers 1 assembleRelease -x lint -x test;   elif [ "release" = "standalone" ]; then     ./gradlew --no-daemon --max-workers 1 :app:bundleDebugJsAndAssets -x lint -x test       || ./gradlew --no-daemon --max-workers 1 :app:createBundleDebugJsAndAssets -x lint -x test       || ./gradlew --no-daemon --max-workers 1 bundleDebugJsAndAssets -x lint -x test       || ./gradlew --no-daemon --max-workers 1 createBundleDebugJsAndAssets -x lint -x test;     ./gradlew --no-daemon --max-workers 1 assembleDebug -x lint -x test;   else     ./gradlew --no-daemon --max-workers 1 assembleDebug -x lint -x test;   fi
#16 CACHED

#17 [build 13/18] RUN set -eux;   APP_GRADLE="/app/android/app/build.gradle";   sed -i 's/\\\\n/\\n/g' "$APP_GRADLE" || true;   if ! grep -q "configurations.all" "$APP_GRADLE"; then     bash -c 'printf "%s\n" ""       "configurations.all {"       "    exclude group: \"com.android.support\", module: \"support-compat\""       "    exclude group: \"com.android.support\", module: \"support-v4\""       "    exclude group: \"com.android.support\", module: \"versionedparcelable\""       "}" >> "'"$APP_GRADLE"'"';   fi
#17 CACHED

#18 [build 12/18] RUN set -eux;   GP="/app/android/gradle.properties";   touch "$GP";   if ! grep -q '^android.useAndroidX=' "$GP"; then     printf '%s\n' 'android.useAndroidX=true' >> "$GP";   fi;   if ! grep -q '^android.enableJetifier=' "$GP"; then     printf '%s\n' 'android.enableJetifier=true' >> "$GP";   fi
#18 CACHED

#19 [build  5/18] COPY google-services.json ./google-services.json
#19 CACHED

#20 [build  3/18] RUN apt-get update -qq   && apt-get install -y --no-install-recommends curl ca-certificates gnupg git openjdk-17-jdk   && curl -fsSL https://deb.nodesource.com/setup_22.x | bash -   && apt-get install -y --no-install-recommends nodejs   && rm -rf /var/lib/apt/lists/*
#20 CACHED

#21 [build 11/18] RUN CI=1 npx expo prebuild --platform android
#21 CACHED

#22 [build 14/18] RUN set -eux;   if [ "release" = "release" ]; then     SDKMANAGER="/opt/android-sdk-linux/cmdline-tools/latest/bin/sdkmanager";     test -x "$SDKMANAGER";     export ANDROID_SDK_ROOT="/opt/android-sdk-linux";     export ANDROID_HOME="/opt/android-sdk-linux";     for i in 1 2 3; do       yes | "$SDKMANAGER" --sdk_root="/opt/android-sdk-linux" --install         "platform-tools"         "platforms;android-36"         "build-tools;36.0.0"         && break;       echo "sdkmanager failed (attempt $i). Clearing caches and retrying..." >&2;       rm -rf /root/.android/cache || true;       rm -rf "/opt/android-sdk-linux/.android/cache" || true;       sleep 3;     done;     test -d "/opt/android-sdk-linux/build-tools/36.0.0";   fi
#22 CACHED

#23 [build  8/18] COPY src ./src
#23 CACHED

#24 [stage-2 1/1] COPY --from=artifact /out/ /out/
#24 CACHED

#25 exporting to image
#25 exporting layers done
#25 exporting manifest sha256:082cfb3e2d883adf5d63b6c160542c6d6fc0be92ed7dca3375215bbaa9ec889b done
#25 exporting config sha256:0f4acf45365e6d79f28fc1e54ce114a0d4687cbc7221d2da1e8d45242976ca46 done
#25 exporting attestation manifest sha256:511f2f5a6f7301e42e56e0b07ffd28849f2b2aea89627938e48799464477411c done
#25 exporting manifest list sha256:0899a40d1b9c9b889496dfb87173e18c717ecb9b7dae15eafcce966cddd432ff done
#25 naming to docker.io/library/superheroo-apk-v3:latest done
#25 DONE 0.0s
